{
  "stats": {
    "suites": 1,
    "tests": 3,
    "passes": 3,
    "pending": 0,
    "failures": 0,
    "start": "2021-07-26T11:29:29.699Z",
    "end": "2021-07-26T11:31:53.340Z",
    "duration": 143641,
    "testsRegistered": 3,
    "passPercent": 100,
    "pendingPercent": 0,
    "other": 0,
    "hasOther": false,
    "skipped": 0,
    "hasSkipped": false
  },
  "results": [
    {
      "uuid": "f1b61c3f-fb77-4666-a50f-a9377bc5e401",
      "title": "",
      "fullFile": "cypress/integration/automationPracticePageObject.spec.js",
      "file": "cypress/integration/automationPracticePageObject.spec.js",
      "beforeHooks": [],
      "afterHooks": [],
      "tests": [],
      "suites": [
        {
          "uuid": "8cc5c89e-9f7b-4de3-ae5c-5ddd2f072214",
          "title": "first test",
          "fullFile": "",
          "file": "",
          "beforeHooks": [],
          "afterHooks": [],
          "tests": [
            {
              "title": "login",
              "fullTitle": "first test login",
              "timedOut": null,
              "duration": 59574,
              "state": "passed",
              "speed": "slow",
              "pass": true,
              "fail": false,
              "pending": false,
              "context": null,
              "code": "cy.visit(\"/\");\n_pageobjects.obj.Login(\"nathiyaece1997@gmail.com\", \"NkN1997!\"); //Verify signin\n\ncy.get('[class=\"header-container\"]').should(\"contain\", \"Sign out\");",
              "err": {},
              "uuid": "e7e9f134-32e1-482f-8039-9fe467ad5435",
              "parentUUID": "8cc5c89e-9f7b-4de3-ae5c-5ddd2f072214",
              "isHook": false,
              "skipped": false
            },
            {
              "title": "AddProductToCart",
              "fullTitle": "first test AddProductToCart",
              "timedOut": null,
              "duration": 32639,
              "state": "passed",
              "speed": "slow",
              "pass": true,
              "fail": false,
              "pending": false,
              "context": null,
              "code": "_pageobjects.obj.AddProductToCart(\"Faded Short Sleeve T-shirts\");",
              "err": {},
              "uuid": "38b9987e-3d2d-4a10-8d61-642f6d3a0e92",
              "parentUUID": "8cc5c89e-9f7b-4de3-ae5c-5ddd2f072214",
              "isHook": false,
              "skipped": false
            },
            {
              "title": "Proceedt To Checkout",
              "fullTitle": "first test Proceedt To Checkout",
              "timedOut": null,
              "duration": 51081,
              "state": "passed",
              "speed": "slow",
              "pass": true,
              "fail": false,
              "pending": false,
              "context": null,
              "code": "_pageobjects.obj.ProceedToCheckout(\"Pay by check\"); //Verification\n\ncy.get('[class=\"alert alert-success\"]').should(\"contain\", \"Your order on My Store is complete.\");",
              "err": {},
              "uuid": "2fb83cad-5398-4726-83d6-d72a95b3bfd2",
              "parentUUID": "8cc5c89e-9f7b-4de3-ae5c-5ddd2f072214",
              "isHook": false,
              "skipped": false
            }
          ],
          "suites": [],
          "passes": [
            "e7e9f134-32e1-482f-8039-9fe467ad5435",
            "38b9987e-3d2d-4a10-8d61-642f6d3a0e92",
            "2fb83cad-5398-4726-83d6-d72a95b3bfd2"
          ],
          "failures": [],
          "pending": [],
          "skipped": [],
          "duration": 143294,
          "root": false,
          "rootEmpty": false,
          "_timeout": 2000
        }
      ],
      "passes": [],
      "failures": [],
      "pending": [],
      "skipped": [],
      "duration": 0,
      "root": true,
      "rootEmpty": true,
      "_timeout": 2000
    }
  ],
  "meta": {
    "mocha": {
      "version": "7.0.1"
    },
    "mochawesome": {
      "options": {
        "quiet": false,
        "reportFilename": "mochawesome",
        "saveHtml": true,
        "saveJson": true,
        "consoleReporter": "spec",
        "useInlineDiffs": false,
        "code": true
      },
      "version": "6.2.2"
    },
    "marge": {
      "options": {
        "id": "default",
        "reportDir": "cypress/results/mochawesome",
        "overwrite": true,
        "html": true,
        "json": true
      },
      "version": "5.2.0"
    }
  }
}