{
  "stats": {
    "suites": 1,
    "tests": 2,
    "passes": 1,
    "pending": 0,
    "failures": 1,
    "start": "2021-07-28T06:35:06.906Z",
    "end": "2021-07-28T06:36:10.758Z",
    "duration": 63852,
    "testsRegistered": 2,
    "passPercent": 50,
    "pendingPercent": 0,
    "other": 0,
    "hasOther": false,
    "skipped": 0,
    "hasSkipped": false
  },
  "results": [
    {
      "uuid": "6263cb5e-81a8-4e20-94f1-34567e8fcf94",
      "title": "",
      "fullFile": "cypress/integration/automationPracticePageObject.spec.js",
      "file": "cypress/integration/automationPracticePageObject.spec.js",
      "beforeHooks": [],
      "afterHooks": [],
      "tests": [],
      "suites": [
        {
          "uuid": "017c3649-d3e6-4dec-9a31-2d504a961925",
          "title": "first test",
          "fullFile": "",
          "file": "",
          "beforeHooks": [],
          "afterHooks": [],
          "tests": [
            {
              "title": "AddProductToCart",
              "fullTitle": "first test AddProductToCart",
              "timedOut": null,
              "duration": 59437,
              "state": "passed",
              "speed": "slow",
              "pass": true,
              "fail": false,
              "pending": false,
              "context": null,
              "code": "cy.AddToCart(_inputdata.productname);",
              "err": {},
              "uuid": "709905fc-db9a-4c02-b45d-56e9e4e63ee1",
              "parentUUID": "017c3649-d3e6-4dec-9a31-2d504a961925",
              "isHook": false,
              "skipped": false
            },
            {
              "title": "Proceedt To Checkout",
              "fullTitle": "first test Proceedt To Checkout",
              "timedOut": null,
              "duration": 2716,
              "state": "failed",
              "speed": null,
              "pass": false,
              "fail": true,
              "pending": false,
              "context": null,
              "code": "cy.ProceedToCheckout(paymentmethod);\ncy.get('[class=\"alert alert-success\"]').should(\"contain\", \"Your order on My Store is complete.\"); //Verification",
              "err": {
                "message": "ReferenceError: paymentmethod is not defined",
                "estack": "ReferenceError: paymentmethod is not defined\n    at Context.eval (http://automationpractice.com/__cypress/tests?p=cypress\\integration\\automationPracticePageObject.spec.js:123:26)",
                "diff": null
              },
              "uuid": "1a3efe4f-8fbc-4a3f-b2b4-5cede6079056",
              "parentUUID": "017c3649-d3e6-4dec-9a31-2d504a961925",
              "isHook": false,
              "skipped": false
            }
          ],
          "suites": [],
          "passes": [
            "709905fc-db9a-4c02-b45d-56e9e4e63ee1"
          ],
          "failures": [
            "1a3efe4f-8fbc-4a3f-b2b4-5cede6079056"
          ],
          "pending": [],
          "skipped": [],
          "duration": 62153,
          "root": false,
          "rootEmpty": false,
          "_timeout": 2000
        }
      ],
      "passes": [],
      "failures": [],
      "pending": [],
      "skipped": [],
      "duration": 0,
      "root": true,
      "rootEmpty": true,
      "_timeout": 2000
    }
  ],
  "meta": {
    "mocha": {
      "version": "7.0.1"
    },
    "mochawesome": {
      "options": {
        "quiet": false,
        "reportFilename": "mochawesome",
        "saveHtml": true,
        "saveJson": true,
        "consoleReporter": "spec",
        "useInlineDiffs": false,
        "code": true
      },
      "version": "6.2.2"
    },
    "marge": {
      "options": {
        "id": "default",
        "reportDir": "cypress/results/mochawesome",
        "overwrite": true,
        "html": true,
        "json": true
      },
      "version": "5.2.0"
    }
  }
}